{"level":"info","message":"Server Online","timestamp":"2024-08-19T06:09:07.846Z"}
{"level":"info","message":"Server Online","timestamp":"2024-08-19T06:10:56.474Z"}
{"level":"error","message":"[registerUser] Evil123  not created","timestamp":"2024-08-19T06:10:56.474Z"}
{"level":"info","message":"Server Online","timestamp":"2024-08-19T06:12:58.093Z"}
{"level":"info","message":"Server Online","timestamp":"2024-08-19T06:13:20.586Z"}
{"level":"error","message":"[registerUser] username:Evil1235 not created","timestamp":"2024-08-19T06:13:20.586Z"}
{"level":"info","message":"Server Online","timestamp":"2024-08-19T06:13:50.817Z"}
{"level":"info","message":"Server Online","timestamp":"2024-08-19T06:17:21.060Z"}
{"level":"error","message":"[register controller] User already exists: ${username} ${email}","timestamp":"2024-08-19T06:17:21.060Z"}
{"level":"info","message":"Server Online","timestamp":"2024-08-19T06:17:38.541Z"}
{"level":"error","message":"[register controller] User already exists: Evil12 evil12@gmail.com","timestamp":"2024-08-19T06:17:38.541Z"}
{"level":"info","message":"Server Online","timestamp":"2024-08-19T07:15:40.579Z"}
{"level":"error","message":"[register controller] User already exists: Evil12 evil12@gmail.com","timestamp":"2024-08-19T07:15:40.579Z"}
{"0":{"location":"body","msg":"Password must be between 6 and 25 characters","path":"password","type":"field","value":"anton"},"level":"error","message":"[login controller] Data not valid","timestamp":"2024-08-19T07:15:40.579Z"}
{"level":"error","message":"[login controller] Login error","timestamp":"2024-08-19T07:15:40.579Z"}
{"level":"info","message":"Server Online","timestamp":"2024-08-19T07:19:48.000Z"}
{"level":"error","message":"[loginUser service]  credential:Antony invalid password","timestamp":"2024-08-19T07:19:48.000Z"}
{"level":"error","message":"[login controller] Login error Invalid Credentials","timestamp":"2024-08-19T07:19:48.000Z"}
{"level":"error","message":"[createCar controller] Car already exists: Porsche 911 Carrera S","timestamp":"2024-08-19T07:19:48.000Z"}
{"level":"error","timestamp":"2024-08-19T07:19:48.000Z"}
{"level":"info","message":"Server Online","timestamp":"2024-08-19T07:25:31.290Z"}
{"level":"error","message":"[authMiddleware] Unauthorized: /api/car/create-car","timestamp":"2024-08-19T07:25:31.290Z"}
{"level":"info","message":"Server Online","timestamp":"2024-08-19T07:26:36.125Z"}
{"level":"error","message":"[authMiddleware] Unauthorized: /api/car/create-car POST ::1","timestamp":"2024-08-19T07:26:36.125Z"}
{"level":"info","message":"Server Online","timestamp":"2024-08-19T07:26:57.128Z"}
{"level":"error","message":"[authMiddleware] Unauthorized: /api/car/create-car POST false","timestamp":"2024-08-19T07:26:57.128Z"}
{"level":"info","message":"Server Online","timestamp":"2024-08-19T07:27:51.974Z"}
{"level":"info","message":"[authMiddleware] User authenticated: antonyjudeshaman.24cs@licet.ac.in /api/car/create-car ::1 Antony","timestamp":"2024-08-19T07:27:51.974Z"}
{"level":"error","message":"[createCar controller] Car already exists: Porsche 911 Carrera S","timestamp":"2024-08-19T07:27:51.974Z"}
{"level":"info","message":"Server Online","timestamp":"2024-08-19T07:28:49.535Z"}
{"level":"info","message":"[authMiddleware] User authenticated:  Antony-antonyjudeshaman.24cs@licet.ac.in /api/car/create-car ::1","timestamp":"2024-08-19T07:28:49.535Z"}
{"level":"error","message":"[createCar controller] Car already exists: Porsche 911 Carrera S","timestamp":"2024-08-19T07:28:49.535Z"}
{"level":"info","message":"Server Online","timestamp":"2024-08-19T07:52:23.672Z"}
{"level":"info","message":"[authMiddleware] User authenticated:  Evil12-evil12@gmail.com /api/user/buy-car ::1","timestamp":"2024-08-19T07:52:23.672Z"}
{"level":"info","message":"[authMiddleware] User authenticated:  Evil12-evil12@gmail.com /api/car/view-car/66bed945f8602ec51afee27b ::1","timestamp":"2024-08-19T07:52:23.672Z"}
{"level":"info","message":"[authMiddleware] User authenticated:  Evil12-evil12@gmail.com /api/payment/create-payment ::1","timestamp":"2024-08-19T07:52:23.672Z"}
{"level":"info","message":"[authMiddleware] User authenticated:  Evil12-evil12@gmail.com /api/payment/verify-payment ::1","timestamp":"2024-08-19T07:52:23.672Z"}
{"level":"info","message":"[authMiddleware] User authenticated:  Evil12-evil12@gmail.com /api/car/update-car/66bed945f8602ec51afee27b ::1","timestamp":"2024-08-19T07:52:23.672Z"}
{"level":"info","message":"Server Online","timestamp":"2024-08-19T07:54:13.286Z"}
{"level":"info","message":"[authMiddleware] User authenticated:  Evil12-evil12@gmail.com /api/user/buy-car ::1","timestamp":"2024-08-19T07:54:13.286Z"}
{"level":"info","message":"[authMiddleware] User authenticated:  Evil12-evil12@gmail.com /api/car/view-car/66bed945f8602ec51afee27b ::1","timestamp":"2024-08-19T07:54:13.286Z"}
{"level":"info","message":"[authMiddleware] User authenticated:  Evil12-evil12@gmail.com /api/payment/create-payment ::1","timestamp":"2024-08-19T07:54:13.286Z"}
{"level":"info","message":"[authMiddleware] User authenticated:  Evil12-evil12@gmail.com /api/payment/verify-payment ::1","timestamp":"2024-08-19T07:54:13.286Z"}
{"level":"info","message":"[authMiddleware] User authenticated:  Evil12-evil12@gmail.com /api/car/update-car/66bed945f8602ec51afee27b ::1","timestamp":"2024-08-19T07:54:13.286Z"}
{"level":"info","message":"Server Online","timestamp":"2024-08-19T07:59:49.535Z"}
{"level":"info","message":"Server running","timestamp":"2024-08-19T07:59:49.535Z"}
{"level":"info","message":"Server running","timestamp":"2024-08-19T07:59:49.535Z"}
{"level":"info","message":"Server running","timestamp":"2024-08-19T07:59:49.535Z"}
{"level":"info","message":"Server running","timestamp":"2024-08-19T07:59:49.535Z"}
{"level":"info","message":"Server Online","timestamp":"2024-08-19T08:00:26.820Z"}
{"level":"info","message":"Server running","timestamp":"2024-08-19T08:00:26.820Z"}
{"level":"info","message":"\n    Sending weekly report:\n    Total cars sold: 1\n    Total amount: 1815600\n  ","timestamp":"2024-08-19T08:00:26.820Z"}
{"level":"info","message":"Server running","timestamp":"2024-08-19T08:00:26.820Z"}
{"level":"info","message":"\n    Sending weekly report:\n    Total cars sold: 1\n    Total amount: 1815600\n  ","timestamp":"2024-08-19T08:00:26.820Z"}
{"level":"info","message":"Server Online","timestamp":"2024-08-19T08:01:13.598Z"}
{"level":"info","message":"Server running","timestamp":"2024-08-19T08:01:13.598Z"}
